<?xml version="1.0" encoding="UTF-8"?>
<testng-results ignored="0" total="1" passed="1" failed="0" skipped="0">
  <reporter-output>
  </reporter-output>
  <suite started-at="2022-07-07T20:00:27 EDT" name="Suite" finished-at="2022-07-07T20:00:52 EDT" duration-ms="25425">
    <groups>
    </groups>
    <test started-at="2022-07-07T20:00:27 EDT" name="loginTest" finished-at="2022-07-07T20:00:52 EDT" duration-ms="25425">
      <class name="com.seleniumframeworks.testcases.LoginTest">
        <test-method is-config="true" signature="setUpSuite()[pri:0, instance:com.seleniumframeworks.testcases.LoginTest@f0da945]" started-at="2022-07-07T20:00:26 EDT" name="setUpSuite" finished-at="2022-07-07T20:00:27 EDT" duration-ms="935" status="PASS">
          <reporter-output>
          </reporter-output>
        </test-method> <!-- setUpSuite -->
        <test-method is-config="true" signature="setUp()[pri:0, instance:com.seleniumframeworks.testcases.LoginTest@f0da945]" started-at="2022-07-07T20:00:27 EDT" name="setUp" finished-at="2022-07-07T20:00:39 EDT" duration-ms="12706" status="PASS">
          <reporter-output>
          </reporter-output>
        </test-method> <!-- setUp -->
        <test-method signature="loginApp()[pri:0, instance:com.seleniumframeworks.testcases.LoginTest@f0da945]" started-at="2022-07-07T20:00:39 EDT" name="loginApp" finished-at="2022-07-07T20:00:52 EDT" duration-ms="12514" status="PASS">
          <reporter-output>
          </reporter-output>
        </test-method> <!-- loginApp -->
        <test-method is-config="true" signature="tearDown()[pri:0, instance:com.seleniumframeworks.testcases.LoginTest@f0da945]" started-at="2022-07-07T20:00:52 EDT" name="tearDown" finished-at="2022-07-07T20:00:52 EDT" duration-ms="146" status="PASS">
          <reporter-output>
          </reporter-output>
        </test-method> <!-- tearDown -->
      </class> <!-- com.seleniumframeworks.testcases.LoginTest -->
    </test> <!-- loginTest -->
  </suite> <!-- Suite -->
</testng-results>
